Listening on port 8080...
************************************************************** LE MOIS  0  COMMENCE
Trying to buy video
Trying to buy video
Trying to buy video
Trying to buy video
Trying to buy video
Le monde animal
Le monde animal
Le mystère de la chambre jaune
Le secret de la pyramide
Le secret de la pyramide
Le monde animal
L'odyssée de l'espace
Le secret de la pyramide
Le mystère de la chambre jaune
Le monde animal
L'odyssée de l'espace
Le grand bleu
Le secret de la pyramide
Le grand bleu
Le mystère de la chambre jaune
Le mystère de la chambre jaune
Le mystère de la chambre jaune
L'odyssée de l'espace
Le grand bleu
Le monde animal
L'odyssée de l'espace
Le monde animal
Le monde animal
Le monde animal
Le mystère de la chambre jaune
Le mystère de la chambre jaune
Le mystère de la chambre jaune
Le mystère de la chambre jaune
Le mystère de la chambre jaune
Le grand bleu
Le grand bleu
Le grand bleu
L'odyssée de l'espace
Le mystère de la chambre jaune
Le mystère de la chambre jaune
Le secret de la pyramide
Le secret de la pyramide
Le secret de la pyramide
Le secret de la pyramide
Le secret de la pyramide
Le secret de la pyramide
Le secret de la pyramide
Le mystère de la chambre jaune
Le secret de la pyramide
Le secret de la pyramide
Le secret de la pyramide
Le secret de la pyramide
L'odyssée de l'espace
Le secret de la pyramide
Le secret de la pyramide
Le secret de la pyramide
Le grand bleu
L'odyssée de l'espace
Le secret de la pyramide
Le grand bleu
Le monde animal
Le monde animal
Le monde animal
Le monde animal
Le monde animal
Le monde animal
L'odyssée de l'espace
L'odyssée de l'espace
L'odyssée de l'espace
Le monde animal
Le monde animal
Le monde animal
Le mystère de la chambre jaune
Le monde animal
Le grand bleu
L'odyssée de l'espace
Le grand bleu
Le monde animal
L'odyssée de l'espace
Le monde animal
L'odyssée de l'espace
Le secret de la pyramide
Le secret de la pyramide
Le grand bleu
Le grand bleu
Le grand bleu
Le monde animal
Le monde animal
Le grand bleu
Le grand bleu
Le monde animal
L'odyssée de l'espace
Le monde animal
Le mystère de la chambre jaune
Le secret de la pyramide
Le mystère de la chambre jaune
Le monde animal
Le grand bleu
Le monde animal
L'odyssée de l'espace
Le grand bleu
Le mystère de la chambre jaune
Le secret de la pyramide
Le grand bleu
Le secret de la pyramide
Le secret de la pyramide
Le mystère de la chambre jaune
Le secret de la pyramide
Le monde animal
L'odyssée de l'espace
Le mystère de la chambre jaune
Le mystère de la chambre jaune
Le grand bleu
Le mystère de la chambre jaune
Le secret de la pyramide
Le grand bleu
Le mystère de la chambre jaune
Le secret de la pyramide
Le grand bleu
Le secret de la pyramide
Le mystère de la chambre jaune
Le monde animal
Le mystère de la chambre jaune
L'odyssée de l'espace
Le grand bleu
L'odyssée de l'espace
Le grand bleu
Le monde animal
Le monde animal
L'odyssée de l'espace
L'odyssée de l'espace
L'odyssée de l'espace
L'odyssée de l'espace
Le monde animal
************************************************************** LE MOIS  1  COMMENCE
Trying to buy video
Found Correspond
Theme Count :  map[Aventure:14 Drame:14]
Best Themes : [Aventure]
Type Count :  map[Film:14]
Best Types : [Film]
Buying video corresponding to my favorite type, video title =  Le retour des morts-vivants , indice =  0
3
4
Buying video corresponding to my favorite type, video title =  La vie est belle , indice =  25
4
5
End of buying video
Trying to buy video
Found Correspond
Found Correspond
Theme Count :  map[Aventure:26 Science-fiction:13]
Best Themes : [Aventure]
Type Count :  map[Film:26]
Best Types : [Film]
Buying video corresponding to my favorite type, video title =  La ville des ténèbres , indice =  3
2
3
End of buying video
Trying to buy video
Found Correspond
Theme Count :  map[Action:23 Aventure:23]
Best Themes : [Aventure]
Type Count :  map[Film:23]
Best Types : [Film]
Buying video corresponding to my favorite type, video title =  Le roi lion , indice =  1
2
3
Buying video corresponding to my favorite type, video title =  La vie est belle , indice =  3
3
4
End of buying video
Trying to buy video
Trying to buy video
Found Correspond
Theme Count :  map[Aventure:37 Historique:37]
Best Themes : [Aventure]
Type Count :  map[Film:37]
Best Types : [Film]
Buying video corresponding to my favorite type, video title =  Les aventures de Sherlock Holmes , indice =  1
2
3
End of buying video
Le monde animal
Le monde animal
Le secret de la pyramide
Le monde animal
Le monde animal
Le monde animal
Le monde animal
Le monde animal
Le mystère de la chambre jaune
Le grand bleu
Le secret de la pyramide
Le secret de la pyramide
************************************************************** LE MOIS  2  COMMENCE
Trying to buy video
Found Correspond
Theme Count :  map[Aventure:28 Drame:28]
Best Themes : [Aventure]
Type Count :  map[Film:28]
Best Types : [Film]
Buying video corresponding to my favorite type, video title =  Les ailes de l'enfer , indice =  1
5
6
End of buying video
Trying to buy video
Found Correspond
Found Correspond
Theme Count :  map[Aventure:52 Science-fiction:26]
Best Themes : [Aventure]
Type Count :  map[Film:52]
Best Types : [Film]
Buying video corresponding to my favorite type, video title =  La maison hantée , indice =  2
3
4
Buying video corresponding to my favorite type, video title =  Les champions du monde , indice =  3
4
5
End of buying video
Trying to buy video
Trying to buy video
Found Correspond
Found Correspond
Theme Count :  map[Aventure:92 Historique:75 Mystère:17]
Best Themes : [Aventure]
Type Count :  map[Film:92]
Best Types : [Film]
Buying video corresponding to my favorite type, video title =  La guerre des mondes , indice =  0
3
4
Buying video corresponding to my favorite type, video title =  La nuit des musiciens , indice =  2
4
5
End of buying video
Trying to buy video
Found Correspond
Found Correspond
Theme Count :  map[Action:48 Aventure:61 Fantaisie:13]
Best Themes : [Aventure]
Type Count :  map[Film:61]
Best Types : [Film]
Buying video corresponding to my favorite type, video title =  Le monde perdu , indice =  0
4
5
End of buying video
Le monde animal
Le monde animal
Le grand bleu
Le monde animal
Le secret de la pyramide
Le mystère de la chambre jaune
Le grand bleu
Le grand bleu
Le secret de la pyramide
************************************************************** LE MOIS  3  COMMENCE
Trying to buy video
Found Correspond
Found Correspond
Theme Count :  map[Action:23 Aventure:44 Drame:44 Guerre:23]
Best Themes : [Aventure]
Type Count :  map[Film:67]
Best Types : [Film]
Buying video corresponding to my favorite type, video title =  La guerre froide , indice =  0
6
7
End of buying video
Trying to buy video
Found Correspond
Found Correspond
Theme Count :  map[Aventure:78 Science-fiction:39]
Best Themes : [Aventure]
Type Count :  map[Film:78]
Best Types : [Film]
Buying video corresponding to my favorite type, video title =  La famille heureuse , indice =  0
5
6
Buying video corresponding to my favorite type, video title =  Docteur House , indice =  4
6
7
End of buying video
Trying to buy video
Found Correspond
Found Correspond
Found Correspond
Theme Count :  map[Action:74 Aventure:110 Fantaisie:29 Science-fiction:7]
Best Themes : [Aventure]
Type Count :  map[Film:110]
Best Types : [Film]
Buying video corresponding to my favorite type, video title =  Le monde de demain , indice =  0
5
6
Buying video corresponding to my favorite type, video title =  Les enjeux de notre temps , indice =  6
6
7
End of buying video
Trying to buy video
Trying to buy video
Found Correspond
Found Correspond
Found Correspond
Theme Count :  map[Aventure:149 Guerre:14 Historique:113 Mystère:36 Science-fiction:14]
Best Themes : [Aventure]
Type Count :  map[Film:163]
Best Types : [Film]
Buying video corresponding to my favorite type, video title =  Les aventuriers de l'arche perdue , indice =  0
5
6
Buying video corresponding to my favorite type, video title =  Le musée des merveilles , indice =  3
6
7
End of buying video
Le grand bleu
Le grand bleu
Le grand bleu
Le grand bleu
Le grand bleu
Le grand bleu
Le grand bleu
Le secret de la pyramide
************************************************************** LE MOIS  4  COMMENCE
Trying to buy video
Found Correspond
Found Correspond
Found Correspond
Theme Count :  map[Action:50 Aventure:63 Drame:63 Guerre:50 Historique:19 Politique:19]
Best Themes : [Aventure]
Type Count :  map[Film:132]
Best Types : [Film]
Buying video corresponding to my favorite type, video title =  Les 7 samouraïs , indice =  0
7
8
End of buying video
Trying to buy video
Found Correspond
Found Correspond
Found Correspond
Theme Count :  map[Action:100 Aventure:168 Fantaisie:45 Science-fiction:23]
Best Themes : [Aventure]
Type Count :  map[Film:168]
Best Types : [Film]
Buying video corresponding to my favorite type, video title =  La ligue des justiciers , indice =  0
7
8
Buying video corresponding to my favorite type, video title =  La nature sauvage , indice =  1
8
9
End of buying video
Trying to buy video
Found Correspond
Found Correspond
Theme Count :  map[Aventure:104 Science-fiction:52]
Best Themes : [Aventure]
Type Count :  map[Film:104]
Best Types : [Film]
Buying video corresponding to my favorite type, video title =  La quatrième dimension , indice =  0
7
8
End of buying video
Trying to buy video
Trying to buy video
Found Correspond
Found Correspond
Found Correspond
Found Correspond
Found Correspond
Theme Count :  map[Art:16 Aventure:254 Guerre:31 Historique:183 Mystère:55 Science-fiction:31]
Best Themes : [Aventure]
Type Count :  map[Film:285]
Best Types : [Film]
Buying video corresponding to my favorite type, video title =  Les chemins de la foi , indice =  0
7
8
Buying video corresponding to my favorite type, video title =  Le parrain , indice =  1
8
9
Buying video corresponding to my favorite type, video title =  Le bouddha d'or , indice =  2
9
10
Buying video corresponding to my favorite type, video title =  Le voyage de Chihiro , indice =  3
10
11
End of buying video
L'odyssée de l'espace
Le secret de la pyramide
Le secret de la pyramide
Le grand bleu
Le grand bleu
Le secret de la pyramide
************************************************************** LE MOIS  5  COMMENCE
Trying to buy video
Found Correspond
Found Correspond
Found Correspond
Found Correspond
Theme Count :  map[Action:123 Aventure:82 Drame:82 Guerre:123 Historique:84 Politique:38]
Best Themes : [Action]
Type Count :  map[Film:243]
Best Types : [Film]
Buying video corresponding to my favorite type, video title =  La guerre des étoiles , indice =  0
8
9
End of buying video
Trying to buy video
Found Correspond
Found Correspond
Found Correspond
Found Correspond
Found Correspond
Theme Count :  map[Action:135 Aventure:239 Fantaisie:61 Nature:13 Science-fiction:39 Super-héros:9]
Best Themes : [Aventure]
Type Count :  map[Film:248]
Best Types : [Film]
Buying video corresponding to my favorite type, video title =  Le seigneur des anneaux , indice =  0
9
10
Buying video corresponding to my favorite type, video title =  La légende de Tarzan , indice =  1
10
11
End of buying video
Trying to buy video
Found Correspond
Found Correspond
Theme Count :  map[Aventure:132 Science-fiction:66]
Best Themes : [Aventure]
Type Count :  map[Film:132]
Best Types : [Film]
Buying video corresponding to my favorite type, video title =  La momie , indice =  0
8
9
End of buying video
Trying to buy video
Trying to buy video
Found Correspond
Found Correspond
Found Correspond
Found Correspond
Found Correspond
Found Correspond
Found Correspond
Theme Count :  map[Art:35 Aventure:402 Fantaisie:17 Guerre:48 Historique:259 Mystère:74 Science-fiction:48 Thriller:17]
Best Themes : [Aventure]
Type Count :  map[Film:450]
Best Types : [Film]
End of buying video
Le secret de la pyramide
Le grand bleu
************************************************************** LE MOIS  6  COMMENCE
Trying to buy video
Found Correspond
Found Correspond
Found Correspond
Found Correspond
Found Correspond
Theme Count :  map[Action:225 Aventure:130 Drame:101 Guerre:196 Historique:149 Politique:57 Science-fiction:29]
Best Themes : [Action]
Type Count :  map[Film:383]
Best Types : [Film]
End of buying video
Trying to buy video
Found Correspond
Found Correspond
Found Correspond
Found Correspond
Found Correspond
Found Correspond
Found Correspond
Theme Count :  map[Action:223 Aventure:365 Fantaisie:103 Nature:29 Science-fiction:55 Super-héros:19]
Best Themes : [Aventure]
Type Count :  map[Film:384]
Best Types : [Film]
End of buying video
Trying to buy video
Found Correspond
Found Correspond
Found Correspond
Theme Count :  map[Aventure:174 Horreur:14 Science-fiction:80]
Best Themes : [Aventure]
Type Count :  map[Film:174]
Best Types : [Film]
End of buying video
Trying to buy video
Trying to buy video
Found Correspond
Found Correspond
Found Correspond
Found Correspond
Found Correspond
Found Correspond
Found Correspond
Theme Count :  map[Art:54 Aventure:554 Fantaisie:36 Guerre:65 Historique:335 Mystère:93 Science-fiction:65 Thriller:36]
Best Themes : [Aventure]
Type Count :  map[Film:619]
Best Types : [Film]
End of buying video
Le grand bleu
************************************************************** LE MOIS  7  COMMENCE
Trying to buy video
Found Correspond
Found Correspond
Found Correspond
Found Correspond
Found Correspond
Theme Count :  map[Action:327 Aventure:178 Drame:120 Guerre:269 Historique:214 Politique:76 Science-fiction:58]
Best Themes : [Action]
Type Count :  map[Film:523]
Best Types : [Film]
End of buying video
Trying to buy video
Found Correspond
Found Correspond
Found Correspond
Found Correspond
Found Correspond
Found Correspond
Found Correspond
Theme Count :  map[Action:311 Aventure:491 Fantaisie:145 Nature:45 Science-fiction:71 Super-héros:29]
Best Themes : [Aventure]
Type Count :  map[Film:520]
Best Types : [Film]
End of buying video
Trying to buy video
Found Correspond
Found Correspond
Found Correspond
Theme Count :  map[Aventure:216 Horreur:28 Science-fiction:94]
Best Themes : [Aventure]
Type Count :  map[Film:216]
Best Types : [Film]
End of buying video
Trying to buy video
Trying to buy video
Found Correspond
Found Correspond
Found Correspond
Found Correspond
Found Correspond
Found Correspond
Found Correspond
Theme Count :  map[Art:73 Aventure:706 Fantaisie:55 Guerre:82 Historique:411 Mystère:112 Science-fiction:82 Thriller:55]
Best Themes : [Aventure]
Type Count :  map[Film:788]
Best Types : [Film]
End of buying video
Le secret de la pyramide
************************************************************** LE MOIS  8  COMMENCE
Trying to buy video
Found Correspond
Found Correspond
Found Correspond
Found Correspond
Found Correspond
Theme Count :  map[Action:429 Aventure:226 Drame:139 Guerre:342 Historique:279 Politique:95 Science-fiction:87]
Best Themes : [Action]
Type Count :  map[Film:663]
Best Types : [Film]
End of buying video
Trying to buy video
Found Correspond
Found Correspond
Found Correspond
Found Correspond
Found Correspond
Found Correspond
Found Correspond
Theme Count :  map[Action:399 Aventure:617 Fantaisie:187 Nature:61 Science-fiction:87 Super-héros:39]
Best Themes : [Aventure]
Type Count :  map[Film:656]
Best Types : [Film]
End of buying video
Trying to buy video
Trying to buy video
Found Correspond
Found Correspond
Found Correspond
Found Correspond
Found Correspond
Found Correspond
Found Correspond
Theme Count :  map[Art:92 Aventure:858 Fantaisie:74 Guerre:99 Historique:487 Mystère:131 Science-fiction:99 Thriller:74]
Best Themes : [Aventure]
Type Count :  map[Film:957]
Best Types : [Film]
End of buying video
Trying to buy video
Found Correspond
Found Correspond
Found Correspond
Theme Count :  map[Aventure:258 Horreur:42 Science-fiction:108]
Best Themes : [Aventure]
Type Count :  map[Film:258]
Best Types : [Film]
End of buying video
Le secret de la pyramide
Le grand bleu
Le grand bleu
************************************************************** LE MOIS  9  COMMENCE
Trying to buy video
Found Correspond
Found Correspond
Found Correspond
Found Correspond
Found Correspond
Theme Count :  map[Action:531 Aventure:274 Drame:158 Guerre:415 Historique:344 Politique:114 Science-fiction:116]
Best Themes : [Action]
Type Count :  map[Film:803]
Best Types : [Film]
End of buying video
Trying to buy video
Found Correspond
Found Correspond
Found Correspond
Found Correspond
Found Correspond
Found Correspond
Found Correspond
Theme Count :  map[Action:487 Aventure:743 Fantaisie:229 Nature:77 Science-fiction:103 Super-héros:49]
Best Themes : [Aventure]
Type Count :  map[Film:792]
Best Types : [Film]
End of buying video
Trying to buy video
Found Correspond
Found Correspond
Found Correspond
Theme Count :  map[Aventure:300 Horreur:56 Science-fiction:122]
Best Themes : [Aventure]
Type Count :  map[Film:300]
Best Types : [Film]
End of buying video
Trying to buy video
Trying to buy video
Found Correspond
Found Correspond
Found Correspond
Found Correspond
Found Correspond
Found Correspond
Found Correspond
Theme Count :  map[Art:111 Aventure:1010 Fantaisie:93 Guerre:116 Historique:563 Mystère:150 Science-fiction:116 Thriller:93]
Best Themes : [Aventure]
Type Count :  map[Film:1126]
Best Types : [Film]
End of buying video
************************************************************** LE MOIS  10  COMMENCE
Trying to buy video
Found Correspond
Found Correspond
Found Correspond
Found Correspond
Found Correspond
Theme Count :  map[Action:633 Aventure:322 Drame:177 Guerre:488 Historique:409 Politique:133 Science-fiction:145]
Best Themes : [Action]
Type Count :  map[Film:943]
Best Types : [Film]
End of buying video
Trying to buy video
Found Correspond
Found Correspond
Found Correspond
Found Correspond
Found Correspond
Found Correspond
Found Correspond
Theme Count :  map[Action:575 Aventure:869 Fantaisie:271 Nature:93 Science-fiction:119 Super-héros:59]
Best Themes : [Aventure]
Type Count :  map[Film:928]
Best Types : [Film]
End of buying video
Trying to buy video
Found Correspond
Found Correspond
Found Correspond
Theme Count :  map[Aventure:342 Horreur:70 Science-fiction:136]
Best Themes : [Aventure]
Type Count :  map[Film:342]
Best Types : [Film]
End of buying video
Trying to buy video
Trying to buy video
Found Correspond
Found Correspond
Found Correspond
Found Correspond
Found Correspond
Found Correspond
Found Correspond
Theme Count :  map[Art:130 Aventure:1162 Fantaisie:112 Guerre:133 Historique:639 Mystère:169 Science-fiction:133 Thriller:112]
Best Themes : [Aventure]
Type Count :  map[Film:1295]
Best Types : [Film]
End of buying video
************************************************************** LE MOIS  11  COMMENCE
Trying to buy video
Found Correspond
Found Correspond
Found Correspond
Found Correspond
Found Correspond
Theme Count :  map[Action:735 Aventure:370 Drame:196 Guerre:561 Historique:474 Politique:152 Science-fiction:174]
Best Themes : [Action]
Type Count :  map[Film:1083]
Best Types : [Film]
End of buying video
Trying to buy video
Found Correspond
Found Correspond
Found Correspond
Found Correspond
Found Correspond
Found Correspond
Found Correspond
Theme Count :  map[Action:663 Aventure:995 Fantaisie:313 Nature:109 Science-fiction:135 Super-héros:69]
Best Themes : [Aventure]
Type Count :  map[Film:1064]
Best Types : [Film]
End of buying video
Trying to buy video
Found Correspond
Found Correspond
Found Correspond
Theme Count :  map[Aventure:384 Horreur:84 Science-fiction:150]
Best Themes : [Aventure]
Type Count :  map[Film:384]
Best Types : [Film]
End of buying video
Trying to buy video
Trying to buy video
Found Correspond
Found Correspond
Found Correspond
Found Correspond
Found Correspond
Found Correspond
Found Correspond
Theme Count :  map[Art:149 Aventure:1314 Fantaisie:131 Guerre:150 Historique:715 Mystère:188 Science-fiction:150 Thriller:131]
Best Themes : [Aventure]
Type Count :  map[Film:1464]
Best Types : [Film]
End of buying video
Le secret de la pyramide
Le grand bleu
Le grand bleu
Le secret de la pyramide
{[Netflix(budget: 2357.23)
*********** CATALOGUE:
<b>Le mystère de la chambre jaune</b><br>Type : Film (1h32min) \n<i>Thèmes: Mystère, Thriller,  </i><b>Le géant de fer</b><br>Type : Film (24min) \n<i>Thèmes: Aventure, Action,  </i><b>Le roi lion</b><br>Type : Film (57min) \n<i>Thèmes: Fantaisie, Aventure,  </i><b>La vie est belle</b><br>Type : Film (1h17min) \n<i>Thèmes: Comédie, Slice of life,  </i><b>Le monde perdu</b><br>Type : Film (1h14min) \n<i>Thèmes: Aventure, Science-fiction,  </i><b>Le monde de demain</b><br>Type : Film (2h16min) \n<i>Thèmes: Science-fiction, Technologie,  </i><b>Les enjeux de notre temps</b><br>Type : Film (2h37min) \n<i>Thèmes: Documentaire, Société,  </i><b>La ligue des justiciers</b><br>Type : Film (28min) \n<i>Thèmes: Action, Super-héros,  </i><b>La nature sauvage</b><br>Type : Film (1h38min) \n<i>Thèmes: Aventure, Nature,  </i><b>Le seigneur des anneaux</b><br>Type : Film (1h14min) \n<i>Thèmes: Aventure, Fantaisie, Action,  </i><b>La légende de Tarzan</b><br>Type : Film (24min) \n<i>Thèmes: Aventure, Action,  </i>
*********** AVAILABLE SUBS :
<div class='fw-bold'>Basic</div>Price : 13.74 €

--- SUBSCRIBERS :
<Subscriber n°679ba21b93f30ef9211ab594edd2fdae (Marcelo Legros)><Subscriber n°05e5e39bfe734578aad2f81742fe8cff (Joaquin Howe)><Subscriber n°c235ace44868c7f5c00c391b900e7a99 (Fabiola Macejkovic)><Subscriber n°fb419ab0fff2aac73e6eed1bc3b59846 (Cameron Predovic)><Subscriber n°040f3922c28ba870fd91554564297674 (Mckenzie Predovic)><Subscriber n°f469e4219d04c383999f6c99e8811c6f (Baron Koepp)><Subscriber n°a94a06ae05e4e5e61e2757f1bbeeda8a (Dasia Little)><Subscriber n°557caf5ae5022f419a4398b0b51160a0 (Sterling Schoen)><Subscriber n°ca8fa7662e4a254ac67aa24f20257e8d (Maude Hahn)><Subscriber n°cfe96ec51b53bfd78b10775e4077354f (Vicente Grimes)><Subscriber n°def3cc7e9639033ae83547604a319011 (Magdalena Treutel)><Subscriber n°92f1f0d2288be161c75ed0a6b4e893c1 (Jane Stracke)><Subscriber n°91dab1c35f0ec9b6983ea02327d6c441 (Boris Gleichner)><Subscriber n°e5cece564d9d7709118247406f59b1e2 (Nelle Rath)><Subscriber n°a3522703c66c0f372895557da0b91af9 (Kolby Gulgowski)><Subscriber n°6535c32b3d3a45b84ef2389ac05b118a (Jaeden Zemlak)><Subscriber n°05de7418c4709108417f93af0c923b15 (Kaylin Torphy)><Subscriber n°105b3605a026a84c55bb8d127aa016fc (Cleta D'Amore)><Subscriber n°0256f8461eb79c9a03f21aab04483882 (Prudence Haley)><Subscriber n°66694537ea804fb903ca826803c139de (Arvel Renner)><Subscriber n°f58d1b810f8dc683f0c496860a6e2b63 (Camilla Stark)><Subscriber n°029f22aef95d03cdd1245698b415242e (Mittie Donnelly)><Subscriber n°ad7de858032c302df3a58a7afb09d3ef (Vernice Durgan)><Subscriber n°d0be00e3fc7e54153d5d2e81b13af281 (Laury Hirthe)><Subscriber n°ef3a5a6090daf064e68cf558b331317f (Flo Tremblay)><Subscriber n°2756b5ec76cd562362055c53ef95c895 (Easter Wilkinson)>

 Disney+(budget: 1739.94)
*********** CATALOGUE:
<b>L'odyssée de l'espace</b><br>Type : Film (1h2min) \n<i>Thèmes: Science-fiction, Aventure,  </i><b>Le trésor de la jungle</b><br>Type : Film (1h10min) \n<i>Thèmes: Aventure,  </i><b>La ville des ténèbres</b><br>Type : Film (33min) \n<i>Thèmes: Thriller, Crime,  </i><b>La maison hantée</b><br>Type : Film (2h31min) \n<i>Thèmes: Horreur, Mystère,  </i><b>Les champions du monde</b><br>Type : Film (33min) \n<i>Thèmes: Sport, Comédie,  </i><b>La famille heureuse</b><br>Type : Film (1h29min) \n<i>Thèmes: Comédie, Famille,  </i><b>Docteur House</b><br>Type : Film (43min) \n<i>Thèmes: Drame, Médecine,  </i><b>La quatrième dimension</b><br>Type : Film (1h15min) \n<i>Thèmes: Science-fiction, Mystère,  </i><b>La momie</b><br>Type : Film (1h25min) \n<i>Thèmes: Aventure, Horreur,  </i>
*********** AVAILABLE SUBS :
<div class='fw-bold'>Basic</div>Price : 12.58 €

--- SUBSCRIBERS :
<Subscriber n°1bf34b635f4e592725a1f691714f3400 (Kaylin Torphy)><Subscriber n°d3c71d985aea2355719b69c809e78516 (Easter Wilkinson)><div class='fw-bold'>Regular</div>Price : 17.62 €

--- SUBSCRIBERS :
<Subscriber n°9accaa1a8e4e150195bad4b1293899b0 (Marcelo Legros)><Subscriber n°bbedc8535e9e32ad4057e357b8fe372c (Fabiola Macejkovic)><Subscriber n°de1699b10ee6ae5acd94b9fcdbbef081 (Joaquin Howe)><Subscriber n°07aed5bfdfa68461b6a05334cd2c19de (Cameron Predovic)><Subscriber n°64a97457967a57a19abaf8de41cbf33c (Laury Hirthe)><Subscriber n°080a726f545d75aaf73f7c21e7dbcf6d (Mckenzie Predovic)><Subscriber n°3661d244bbe67df365987774a463b673 (Dasia Little)><Subscriber n°5a8ea311cf15f14ba9276eb19f48d741 (Baron Koepp)><Subscriber n°7af7da25db05969059c41662f1489b3a (Sterling Schoen)><Subscriber n°636b19ae8a1a0998ac09bb0d85a11900 (Magdalena Treutel)><Subscriber n°928a45248047c0d235cf40bb7ef2cac2 (Jane Stracke)><Subscriber n°e5072389746318e3d7070beba14fa2b4 (Boris Gleichner)><Subscriber n°8a8803fc9c2a57615c0c36c99d2c9798 (Nelle Rath)><Subscriber n°b892cdbe02b1c7f5460a580e974f93bd (Kolby Gulgowski)><Subscriber n°af46d9fd3e13c125cd956beb39250c33 (Jaeden Zemlak)><Subscriber n°f80e580f08101e5fa7da5ae90542920b (Cleta D'Amore)><Subscriber n°87036c1f57f2c63403c70a3114444544 (Prudence Haley)><Subscriber n°22f0ac612e3ca9fffcebe2e9250b0a5e (Camilla Stark)><Subscriber n°c786c7a0dde64c0a30029b6c8e668832 (Mittie Donnelly)><Subscriber n°08ecf5440c299927203f26ff9d5a0355 (Arvel Renner)><Subscriber n°644c6f067cba3a735b48de5edb6efc7a (Vernice Durgan)>

 Amazon Prime Video(budget: 2660.27)
*********** CATALOGUE:
<b>Le monde animal</b><br>Type : Documentaire (1h22min) \n<i>Thèmes: Nature, Biologie,  </i><b>L'amour à tout prix</b><br>Type : Film (32min) \n<i>Thèmes: Romance, Drame,  </i><b>Les grands mystères de l'univers</b><br>Type : Documentaire (2h5min) \n<i>Thèmes: Astronomie, Science,  </i>
*********** AVAILABLE SUBS :
<div class='fw-bold'>Basic</div>Price : 5.25 €

--- SUBSCRIBERS :
<Subscriber n°bca39951370eec768cea693392723008 (Lazaro Abbott)><Subscriber n°2b05a4038d77f935b2e288ba385ce4f8 (Josiah Ritchie)><Subscriber n°7b15e0928ccd0b6d0cf98314b9d21126 (Eloise Effertz)><Subscriber n°09ab7febd3be246bd78ac67d8cf8cbf7 (Lavina Simonis)><Subscriber n°db2dd4525a95efe5afb3e89f4e1309fb (Rex Fisher)><Subscriber n°fa6d34c06e1a8d5773cf091b891b90cf (Al Schamberger)><Subscriber n°2ce44996a75ed0b1cc119718e779288a (Joshuah Schmitt)><Subscriber n°e3935cb2ecba85d7626b31ec5111d8a5 (Francisco Kiehn)><Subscriber n°743e1b504038f4e073e53269f592a008 (Elza Botsford)><Subscriber n°46da16288073314c056e79abe104fbc5 (Soledad Shanahan)><Subscriber n°388667bcc272f10831593a9d3b1565ac (Dean Bins)><Subscriber n°e827876c029ec79262a2202838324b89 (Audie Jacobs)><Subscriber n°b4c958719e0f834f5d9c32a6d4482a28 (Hobart Tillman)><Subscriber n°3c5e4327c3fc77bcfdec5f2924919a46 (Tommie Paucek)><Subscriber n°571ceaf6a8208188fa5de0e9f1c742ac (Ari Rohan)><Subscriber n°8f6e35eacc82fe23e612fe7af72aa75a (Jennifer Strosin)><Subscriber n°31d2e243ccd43560eae07767da5a6df2 (Nels Tillman)><Subscriber n°f5ade9482909a36ca05ed309923f8ec0 (Yvonne Barrows)><Subscriber n°061e8e07bb5e60ed8d86d330e084b7a8 (Alfredo Rohan)><Subscriber n°8b4cd036c57292779a17617d9df3a25f (Dandre Nitzsche)><div class='fw-bold'>Regular</div>Price : 7.09 €

--- SUBSCRIBERS :
<Subscriber n°2b19d2b45fb666c3001735c441407206 (Kolby Gulgowski)><Subscriber n°6d7dd97a0a18bcdd2b88355ac471c461 (Camilla Stark)><Subscriber n°7f00bd4c1c283daf59b3e18188145bfb (Mittie Donnelly)><Subscriber n°0ac9b0c185f657fe4e0d9db5dab9e7e2 (Vernice Durgan)><Subscriber n°54a9dfc7b2fb4a500a08cdaa192f2b86 (Fabiola Macejkovic)><Subscriber n°75092e04800f35946b47c030465458ea (Marcelo Legros)><Subscriber n°c59f867175304bd7073e2a30e7688cd9 (Laury Hirthe)><Subscriber n°33022454feef4dc701ec10780693e078 (Joaquin Howe)><Subscriber n°b99170a94a3682403dbb32830960fdd8 (Mckenzie Predovic)><Subscriber n°fcdc3f79a7b6c6caa29b3b5457a91a51 (Baron Koepp)><Subscriber n°ab51b5675aecf6ec161307a1e3f83c05 (Dasia Little)><Subscriber n°be477111eb60e81e8a56de87814e8614 (Sterling Schoen)><Subscriber n°f7003eb2d0912c2d111cad1569d20625 (Jane Stracke)><Subscriber n°c8983e873f746bb6e8ca43885db58c67 (Magdalena Treutel)><Subscriber n°dac69ebe75e0b092d81ddf52cec2c638 (Boris Gleichner)><Subscriber n°fb1a0b91148ccf05201320ae605b7d20 (Nelle Rath)><Subscriber n°0417ebba34fc3af28b18bb8d4e6c977b (Jaeden Zemlak)><Subscriber n°f34b02174432dce76ae581c59fcabf80 (Cleta D'Amore)><Subscriber n°e460702e46fb42755d856594f773dfca (Prudence Haley)><Subscriber n°c5300c3f70442155186b3fe320aa3de4 (Arvel Renner)><Subscriber n°59f1bd258e47338119ebef5c937f6e1c (Kaylin Torphy)>

 Viki(budget: 3580.11)
*********** CATALOGUE:
<b>Le secret de la pyramide</b><br>Type : Film (1h48min) \n<i>Thèmes: Aventure, Historique,  </i><b>L'école de la vie</b><br>Type : Film (53min) \n<i>Thèmes: Comédie, Éducation,  </i><b>Les aventures de Sherlock Holmes</b><br>Type : Film (40min) \n<i>Thèmes: Mystère, Aventure,  </i><b>La guerre des mondes</b><br>Type : Film (2h42min) \n<i>Thèmes: Science-fiction, Guerre,  </i><b>La nuit des musiciens</b><br>Type : Film (2h34min) \n<i>Thèmes: Musique, Comédie,  </i><b>Les aventuriers de l'arche perdue</b><br>Type : Film (1h30min) \n<i>Thèmes: Aventure, Historique,  </i><b>Le musée des merveilles</b><br>Type : Film (2h49min) \n<i>Thèmes: Aventure, Art,  </i><b>Les chemins de la foi</b><br>Type : Film (1h22min) \n<i>Thèmes: Documentaire, Religion,  </i><b>Le parrain</b><br>Type : Film (1h1min) \n<i>Thèmes: Drame, Crime,  </i><b>Le bouddha d'or</b><br>Type : Film (2h38min) \n<i>Thèmes: Aventure, Thriller,  </i><b>Le voyage de Chihiro</b><br>Type : Film (18min) \n<i>Thèmes: Aventure, Fantaisie,  </i>
*********** AVAILABLE SUBS :
<div class='fw-bold'>Basic</div>Price : 13.62 €

--- SUBSCRIBERS :
<Subscriber n°82764f4fa9f749f4927f985885767fcc (Blair Berge)><Subscriber n°04536ae2342fc92e1ed1775e13ffc8ba (Cameron Predovic)><Subscriber n°ab17377b258a6f6e05c43ac5419cedf2 (Vicente Grimes)><Subscriber n°78e39fac9721d6240ca24a64ddd574ae (Easter Wilkinson)><Subscriber n°97e0502df8dd7c2195a7aa26b0bba1c1 (Flo Tremblay)><Subscriber n°ce636617ba58f710dc1984d8ef0498df (Vicente Grimes)><Subscriber n°f529089dfa2884c2f97ff335260417f0 (Kaylin Torphy)><Subscriber n°1154e5f7e96a11eb460d8fbd0a35e9f9 (Tyshawn Greenholt)><Subscriber n°afd399f45c1fa9addc919723eb0d4baa (Gunnar Thompson)><Subscriber n°beaf0970f794a948cddb2bd451c57fa3 (Gunnar Thompson)><Subscriber n°8cbb33e12783758941dcc66bf79e7e86 (Tyshawn Greenholt)><Subscriber n°01db30a3452e2b1f1b52be11de830a4c (Kaylin Torphy)><div class='fw-bold'>Regular</div>Price : 19.16 €

--- SUBSCRIBERS :
<Subscriber n°56e8a59670b8069d44d50adbcea6f537 (Mckenzie Predovic)><Subscriber n°ffa82e0926c10495757279a8ac6e8a5c (Flo Tremblay)><Subscriber n°2712b741bcb4f674eebe7ea62683491e (Magdalena Treutel)><Subscriber n°5f927b7d0f69754f58eb626ae4575946 (Kolby Gulgowski)><Subscriber n°6583b073c51cd8f4a18b5b4342cc6bec (Tyshawn Greenholt)><Subscriber n°12bf96a20576ab6d12e2e475c7a9d249 (Nelle Rath)><Subscriber n°dafc9fd271cfe5bccd4266185f3fe917 (Jaeden Zemlak)><Subscriber n°626a056c044aed80bb6dc8a02aee4960 (Gunnar Thompson)><Subscriber n°5827e34ca051f9c90c3750c4c7d601c3 (Prudence Haley)><Subscriber n°e66fc230d2b5f24bd66663e4eb55d2d1 (Arvel Renner)><Subscriber n°db7583d2963421e39bf078b4ed9ae910 (Cleta D'Amore)><Subscriber n°f87c96ab252a566f0e049289406506d4 (Kaylin Torphy)><Subscriber n°e890da5bbacd5af00be454cd17560b9f (Mittie Donnelly)><Subscriber n°b3c4af2e575f61e674b5e424aefa4e0b (Camilla Stark)><Subscriber n°5b1ddf10d0121f2faa0caf434ef5f250 (Anabel Emmerich)><Subscriber n°761c3667d5ce926e27bec63c65e3f786 (Maude Hahn)><Subscriber n°07b2409ffc33714de4937c625071a646 (Fabiola Macejkovic)><Subscriber n°664ede12b395d94af5ba4ed5d168bd2f (Vernice Durgan)><Subscriber n°506d5b0e44426faf0eccccbac82e48a9 (Laury Hirthe)><Subscriber n°ae86335e1ea207d2b8604d1e6a5703ae (Jane Stracke)><Subscriber n°a8916ae72931ef831b3c90ebab4bc489 (Baron Koepp)><Subscriber n°4a4905f83a25c660b2bc730c80625b9f (Marcelo Legros)><Subscriber n°7960b68b75a094686817c63a85fdb2e2 (Dasia Little)><Subscriber n°709321c54525b9f53c9750d1e2db45cc (Sterling Schoen)><Subscriber n°8d11cb078cf6ab5c84a56ce056a55144 (Joaquin Howe)><Subscriber n°c57ff56ff9b0955ab13385f1708a4b3e (Boris Gleichner)><Subscriber n°c1ec7924968c6c86997dbc268ca6341f (Vicente Grimes)><Subscriber n°63529ff4df09eae8d57b752aed86b7ca (Cameron Predovic)><Subscriber n°fa97b4b092d159146efe3fcd3ee60f40 (Kaylin Torphy)><Subscriber n°2865c94db6e3715c5210240f906193fb (Tyshawn Greenholt)><Subscriber n°9b79cdd76bc992b5c4f00cd007fb16dd (Gunnar Thompson)>

 Apple TV(budget: 2134.57)
*********** CATALOGUE:
<b>Le grand bleu</b><br>Type : Film (1h5min) \n<i>Thèmes: Aventure, Drame,  </i><b>La vie sous-marine</b><br>Type : Documentaire (18min) \n<i>Thèmes: Nature, Biologie,  </i><b>L'homme qui valait 35 milliards</b><br>Type : Film (1h38min) \n<i>Thèmes: Thriller, Espionnage,  </i><b>Le retour des morts-vivants</b><br>Type : Film (1h56min) \n<i>Thèmes: Horreur, Fantastique,  </i><b>La vie est belle</b><br>Type : Film (2h10min) \n<i>Thèmes: Comédie,  </i><b>Les ailes de l'enfer</b><br>Type : Film (46min) \n<i>Thèmes: Action, Guerre,  </i><b>La guerre froide</b><br>Type : Film (1h11min) \n<i>Thèmes: Historique, Politique,  </i><b>Les 7 samouraïs</b><br>Type : Film (2h36min) \n<i>Thèmes: Action, Guerre, Historique,  </i><b>La guerre des étoiles</b><br>Type : Film (1h57min) \n<i>Thèmes: Science-fiction, Action, Aventure,  </i>
*********** AVAILABLE SUBS :
<div class='fw-bold'>Basic</div>Price : 5.35 €

--- SUBSCRIBERS :
<Subscriber n°9e881d47694787857787254248a3e404 (Cameron Predovic)><Subscriber n°4a427a358c63a4dd03c91127210dea16 (Easter Wilkinson)><Subscriber n°6f379a723a36b879cb138d1e5b5ffb53 (Flo Tremblay)><Subscriber n°7926e0bf7643239631676276328108a3 (Kaylin Torphy)><Subscriber n°b074032aca09d4b281015adb467ac654 (Blair Berge)><Subscriber n°fc4a7f35e90c88d1340ea9a3831303b6 (Gunnar Thompson)><Subscriber n°790634fd382b708b509cf1c2c34f37cc (Kaylin Torphy)><Subscriber n°b8e4e577956a04ee526a5b11e3ad129e (Tyshawn Greenholt)><Subscriber n°31ae9259e8508994992f42913d21d233 (Gunnar Thompson)><Subscriber n°27d2a56336b095d5786e792a2103f46c (Flo Tremblay)><div class='fw-bold'>Regular</div>Price : 15.90 €

--- SUBSCRIBERS :
<Subscriber n°e44dbeea26bcadcb5ce4091dac7a062a (Mckenzie Predovic)><Subscriber n°edbc6f9b3bfc2fab04ab71fb9444570d (Baron Koepp)><Subscriber n°98b7302a2898e5981a8a48198b0c3b4b (Magdalena Treutel)><Subscriber n°df06d3ad950a2657294a17800f34bfcb (Easter Wilkinson)><Subscriber n°2358d43cdcffa31171781965905ed272 (Jane Stracke)><Subscriber n°968318792a0202c55f5e96b2831511b4 (Boris Gleichner)><Subscriber n°c7ea9ac2705e98c27487be6e2ff6d3f1 (Nelle Rath)><Subscriber n°e6de3c2919628b25aa765bbb2a68afa6 (Kolby Gulgowski)><Subscriber n°e4702d286dd3b48e9452b9a6af9b9a98 (Jaeden Zemlak)><Subscriber n°5579ff45cc53bde56ce1f7d6b2705ed4 (Prudence Haley)><Subscriber n°3f54309139ea5422cd729eadfc1c4ffe (Cleta D'Amore)><Subscriber n°ff4718cc6e39c1f17715181a8961ea50 (Kaylin Torphy)><Subscriber n°b5a49947d5c2bac1f9b07324ecd5ef82 (Arvel Renner)><Subscriber n°e781ae68fdc377f51ff1d6f45cba3309 (Mittie Donnelly)><Subscriber n°df1faa6520c7328b326239463e962e6e (Camilla Stark)><Subscriber n°04487d7073a87b3d0e3c749416be4791 (Fabiola Macejkovic)><Subscriber n°c8146ef14a710ec208bc2b4a34ac0b89 (Vernice Durgan)><Subscriber n°447ac25fa0b82140da46bea62a12d7e3 (Laury Hirthe)><Subscriber n°df9da28c3123b3f3a35914bd29f613e7 (Marcelo Legros)><Subscriber n°64a33990fb0dcfe18085b10b35269646 (Dasia Little)><Subscriber n°d5e53bd5eb3c4d7d49effe081261ef66 (Sterling Schoen)><Subscriber n°a8809d6b76d11cf6765124d997ebd2f6 (Joaquin Howe)><Subscriber n°71318db30d56c902101d2191c0904c0b (Maude Hahn)><Subscriber n°6d59636f617f2304b562f9b7afb38b1e (Tyshawn Greenholt)><Subscriber n°3dc3b21daee03a0ed8f26c98ce728846 (Anabel Emmerich)><Subscriber n°41afca5978db0440eca53dcdcdbb4fa2 (Gunnar Thompson)><Subscriber n°35571485f9a784bb55edceff5a5d4210 (Vicente Grimes)><Subscriber n°08eda142d10d0a85df4bb80775a62cbd (Flo Tremblay)><Subscriber n°b15afd94876e77e425405ee8816bbb39 (Kaylin Torphy)><Subscriber n°df0284b117db95f530bb0a6a0ad7f4b3 (Gunnar Thompson)><Subscriber n°04ad5cf05f6ec64f9d53611baf566f3b (Flo Tremblay)><Subscriber n°a03b406f915234a4c84d034a90e6a456 (Kaylin Torphy)>

] [Viewer: budget 42.33, preferences [Guerre Action] Viewer: budget 49.93, preferences [Aventure Historique] Viewer: budget 31.43, preferences [Action Aventure] Viewer: budget 27.59, preferences [Action Historique Aventure] Viewer: budget 27.33, preferences [Guerre] Viewer: budget 32.10, preferences [Historique Aventure Guerre Action] Viewer: budget 44.96, preferences [Historique] Viewer: budget 21.08, preferences [Aventure Historique Action] Viewer: budget 29.91, preferences [Historique] Viewer: budget 14.70, preferences [Historique Guerre] Viewer: budget 54.78, preferences [Aventure] Viewer: budget 27.20, preferences [Guerre Historique Aventure] Viewer: budget 45.10, preferences [Historique] Viewer: budget 42.31, preferences [Aventure] Viewer: budget 31.53, preferences [Guerre Aventure Historique Action] Viewer: budget 24.64, preferences [Guerre] Viewer: budget 32.98, preferences [Guerre Aventure] Viewer: budget 29.99, preferences [Aventure Guerre Historique] Viewer: budget 31.83, preferences [Guerre Historique Action] Viewer: budget 10.74, preferences [Aventure] Viewer: budget 273.35, preferences [Guerre Action] Viewer: budget 475.93, preferences [Historique Aventure] Viewer: budget 170.80, preferences [Action Historique] Viewer: budget 61.68, preferences [Aventure] Viewer: budget 420.05, preferences [Action] Viewer: budget 66.15, preferences [Aventure Action] Viewer: budget 633.75, preferences [Historique] Viewer: budget 470.58, preferences [Action Historique] Viewer: budget 144.56, preferences [Guerre Action Aventure Historique] Viewer: budget 448.77, preferences [Guerre Historique Action] Viewer: budget 304.92, preferences [Action Guerre Aventure] Viewer: budget 501.14, preferences [Historique Guerre Aventure] Viewer: budget 292.01, preferences [Guerre Action] Viewer: budget 243.09, preferences [Aventure Action] Viewer: budget 258.84, preferences [Action Guerre] Viewer: budget 544.70, preferences [Aventure Action Guerre Historique] Viewer: budget 445.15, preferences [Historique] Viewer: budget 313.09, preferences [Historique Action Aventure] Viewer: budget 513.92, preferences [Historique Aventure Guerre] Viewer: budget 127.37, preferences [Guerre Action] Viewer: budget 27.51, preferences [Historique Aventure] Viewer: budget 35.94, preferences [Aventure Guerre Historique] Viewer: budget 26.60, preferences [Action Historique Aventure Guerre] Viewer: budget 39.26, preferences [Aventure Historique Action Guerre] Viewer: budget 50.42, preferences [Guerre] Viewer: budget 8.00, preferences [Aventure Historique Guerre] Viewer: budget 44.90, preferences [Guerre Aventure] Viewer: budget 65.21, preferences [Historique Guerre] Viewer: budget 27.39, preferences [Action Historique] Viewer: budget 15.92, preferences [Aventure]]} <nil>